# JRE version: OpenJDK Runtime Environment (8.0_242-b01) (build 1.8.0_242-release-1644-b01)
# Java VM: OpenJDK 64-Bit Server VM (25.242-b01 mixed mode windows-amd64 compressed oops)
Heap:
 PSYoungGen      total 136192K, used 8102K [0x00000000d5580000, 0x00000000e5700000, 0x0000000100000000)
  eden space 124416K, 0% used [0x00000000d5580000,0x00000000d5580000,0x00000000dcf00000)
  from space 11776K, 0% used [0x00000000dcf00000,0x00000000dcf00000,0x00000000dda80000)
  to   space 11776K, 0% used [0x00000000e4b80000,0x00000000e4b80000,0x00000000e5700000)
 ParOldGen       total 78848K, used 14755K [0x0000000080000000, 0x0000000084d00000, 0x00000000d5580000)
  object space 78848K, 18% used [0x0000000080000000,0x0000000080e68ee0,0x0000000084d00000)
 Metaspace       used 34216K, capacity 35400K, committed 35416K, reserved 1079296K
  class space    used 4690K, capacity 4977K, committed 4992K, reserved 1048576K
GC Heap History (10 events):
Event: 13.663 GC heap after
Heap after GC invocations=4 (full 0):
 PSYoungGen      total 75776K, used 7627K [0x00000000d5580000, 0x00000000de980000, 0x0000000100000000)
  eden space 65024K, 0% used [0x00000000d5580000,0x00000000d5580000,0x00000000d9500000)
  from space 10752K, 70% used [0x00000000d9f80000,0x00000000da6f2d68,0x00000000daa00000)
  to   space 10752K, 0% used [0x00000000d9500000,0x00000000d9500000,0x00000000d9f80000)
 ParOldGen       total 173568K, used 948K [0x0000000080000000, 0x000000008a980000, 0x00000000d5580000)
  object space 173568K, 0% used [0x0000000080000000,0x00000000800ed0c0,0x000000008a980000)
 Metaspace       used 20505K, capacity 21204K, committed 21248K, reserved 1067008K
  class space    used 2837K, capacity 3048K, committed 3072K, reserved 1048576K
}
Event: 13.663 GC heap before
{Heap before GC invocations=5 (full 1):
 PSYoungGen      total 75776K, used 7627K [0x00000000d5580000, 0x00000000de980000, 0x0000000100000000)
  eden space 65024K, 0% used [0x00000000d5580000,0x00000000d5580000,0x00000000d9500000)
  from space 10752K, 70% used [0x00000000d9f80000,0x00000000da6f2d68,0x00000000daa00000)
  to   space 10752K, 0% used [0x00000000d9500000,0x00000000d9500000,0x00000000d9f80000)
 ParOldGen       total 173568K, used 948K [0x0000000080000000, 0x000000008a980000, 0x00000000d5580000)
  object space 173568K, 0% used [0x0000000080000000,0x00000000800ed0c0,0x000000008a980000)
 Metaspace       used 20505K, capacity 21204K, committed 21248K, reserved 1067008K
  class space    used 2837K, capacity 3048K, committed 3072K, reserved 1048576K
Event: 13.695 GC heap after
Heap after GC invocations=5 (full 1):
 PSYoungGen      total 75776K, used 0K [0x00000000d5580000, 0x00000000de980000, 0x0000000100000000)
  eden space 65024K, 0% used [0x00000000d5580000,0x00000000d5580000,0x00000000d9500000)
  from space 10752K, 0% used [0x00000000d9f80000,0x00000000d9f80000,0x00000000daa00000)
  to   space 10752K, 0% used [0x00000000d9500000,0x00000000d9500000,0x00000000d9f80000)
 ParOldGen       total 78848K, used 7456K [0x0000000080000000, 0x0000000084d00000, 0x00000000d5580000)
  object space 78848K, 9% used [0x0000000080000000,0x0000000080748370,0x0000000084d00000)
 Metaspace       used 20505K, capacity 21204K, committed 21248K, reserved 1067008K
  class space    used 2837K, capacity 3048K, committed 3072K, reserved 1048576K
}
Event: 14.239 GC heap before
{Heap before GC invocations=6 (full 1):
 PSYoungGen      total 75776K, used 65024K [0x00000000d5580000, 0x00000000de980000, 0x0000000100000000)
  eden space 65024K, 100% used [0x00000000d5580000,0x00000000d9500000,0x00000000d9500000)
  from space 10752K, 0% used [0x00000000d9f80000,0x00000000d9f80000,0x00000000daa00000)
  to   space 10752K, 0% used [0x00000000d9500000,0x00000000d9500000,0x00000000d9f80000)
 ParOldGen       total 78848K, used 7456K [0x0000000080000000, 0x0000000084d00000, 0x00000000d5580000)
  object space 78848K, 9% used [0x0000000080000000,0x0000000080748370,0x0000000084d00000)
 Metaspace       used 28188K, capacity 29028K, committed 29312K, reserved 1075200K
  class space    used 3863K, capacity 4100K, committed 4224K, reserved 1048576K
Event: 14.245 GC heap after
Heap after GC invocations=6 (full 1):
 PSYoungGen      total 75776K, used 8082K [0x00000000d5580000, 0x00000000de780000, 0x0000000100000000)
  eden space 65024K, 0% used [0x00000000d5580000,0x00000000d5580000,0x00000000d9500000)
  from space 10752K, 75% used [0x00000000d9500000,0x00000000d9ce4a08,0x00000000d9f80000)
  to   space 12288K, 0% used [0x00000000ddb80000,0x00000000ddb80000,0x00000000de780000)
 ParOldGen       total 78848K, used 7464K [0x0000000080000000, 0x0000000084d00000, 0x00000000d5580000)
  object space 78848K, 9% used [0x0000000080000000,0x000000008074a370,0x0000000084d00000)
 Metaspace       used 28188K, capacity 29028K, committed 29312K, reserved 1075200K
  class space    used 3863K, capacity 4100K, committed 4224K, reserved 1048576K
}
Event: 14.739 GC heap before
{Heap before GC invocations=7 (full 1):
 PSYoungGen      total 75776K, used 73106K [0x00000000d5580000, 0x00000000de780000, 0x0000000100000000)
  eden space 65024K, 100% used [0x00000000d5580000,0x00000000d9500000,0x00000000d9500000)
  from space 10752K, 75% used [0x00000000d9500000,0x00000000d9ce4a08,0x00000000d9f80000)
  to   space 12288K, 0% used [0x00000000ddb80000,0x00000000ddb80000,0x00000000de780000)
 ParOldGen       total 78848K, used 7464K [0x0000000080000000, 0x0000000084d00000, 0x00000000d5580000)
  object space 78848K, 9% used [0x0000000080000000,0x000000008074a370,0x0000000084d00000)
 Metaspace       used 32761K, capacity 33872K, committed 33920K, reserved 1079296K
  class space    used 4447K, capacity 4690K, committed 4736K, reserved 1048576K
Event: 14.747 GC heap after
Heap after GC invocations=7 (full 1):
 PSYoungGen      total 135168K, used 9337K [0x00000000d5580000, 0x00000000de600000, 0x0000000100000000)
  eden space 124416K, 0% used [0x00000000d5580000,0x00000000d5580000,0x00000000dcf00000)
  from space 10752K, 86% used [0x00000000ddb80000,0x00000000de49e518,0x00000000de600000)
  to   space 11776K, 0% used [0x00000000dcf00000,0x00000000dcf00000,0x00000000dda80000)
 ParOldGen       total 78848K, used 7472K [0x0000000080000000, 0x0000000084d00000, 0x00000000d5580000)
  object space 78848K, 9% used [0x0000000080000000,0x000000008074c370,0x0000000084d00000)
 Metaspace       used 32761K, capacity 33872K, committed 33920K, reserved 1079296K
  class space    used 4447K, capacity 4690K, committed 4736K, reserved 1048576K
}
Event: 14.946 GC heap before
{Heap before GC invocations=8 (full 1):
 PSYoungGen      total 135168K, used 38315K [0x00000000d5580000, 0x00000000de600000, 0x0000000100000000)
  eden space 124416K, 23% used [0x00000000d5580000,0x00000000d71cca90,0x00000000dcf00000)
  from space 10752K, 86% used [0x00000000ddb80000,0x00000000de49e518,0x00000000de600000)
  to   space 11776K, 0% used [0x00000000dcf00000,0x00000000dcf00000,0x00000000dda80000)
 ParOldGen       total 78848K, used 7472K [0x0000000080000000, 0x0000000084d00000, 0x00000000d5580000)
  object space 78848K, 9% used [0x0000000080000000,0x000000008074c370,0x0000000084d00000)
 Metaspace       used 34216K, capacity 35400K, committed 35416K, reserved 1079296K
  class space    used 4690K, capacity 4977K, committed 4992K, reserved 1048576K
Event: 14.957 GC heap after
Heap after GC invocations=8 (full 1):
 PSYoungGen      total 136192K, used 8102K [0x00000000d5580000, 0x00000000e5700000, 0x0000000100000000)
  eden space 124416K, 0% used [0x00000000d5580000,0x00000000d5580000,0x00000000dcf00000)
  from space 11776K, 68% used [0x00000000dcf00000,0x00000000dd6e9b38,0x00000000dda80000)
  to   space 11776K, 0% used [0x00000000e4b80000,0x00000000e4b80000,0x00000000e5700000)
 ParOldGen       total 78848K, used 7480K [0x0000000080000000, 0x0000000084d00000, 0x00000000d5580000)
  object space 78848K, 9% used [0x0000000080000000,0x000000008074e370,0x0000000084d00000)
 Metaspace       used 34216K, capacity 35400K, committed 35416K, reserved 1079296K
  class space    used 4690K, capacity 4977K, committed 4992K, reserved 1048576K
}
Event: 14.957 GC heap before
{Heap before GC invocations=9 (full 2):
 PSYoungGen      total 136192K, used 8102K [0x00000000d5580000, 0x00000000e5700000, 0x0000000100000000)
  eden space 124416K, 0% used [0x00000000d5580000,0x00000000d5580000,0x00000000dcf00000)
  from space 11776K, 68% used [0x00000000dcf00000,0x00000000dd6e9b38,0x00000000dda80000)
  to   space 11776K, 0% used [0x00000000e4b80000,0x00000000e4b80000,0x00000000e5700000)
 ParOldGen       total 78848K, used 7480K [0x0000000080000000, 0x0000000084d00000, 0x00000000d5580000)
  object space 78848K, 9% used [0x0000000080000000,0x000000008074e370,0x0000000084d00000)
 Metaspace       used 34216K, capacity 35400K, committed 35416K, reserved 1079296K
  class space    used 4690K, capacity 4977K, committed 4992K, reserved 1048576K

