# JRE version: OpenJDK Runtime Environment (8.0_242-b01) (build 1.8.0_242-release-1644-b01)
# Java VM: OpenJDK 64-Bit Server VM (25.242-b01 mixed mode windows-amd64 compressed oops)
Heap:
 PSYoungGen      total 266240K, used 162243K [0x00000000d5580000, 0x00000000e6800000, 0x0000000100000000)
  eden space 251392K, 64% used [0x00000000d5580000,0x00000000df3f0fa8,0x00000000e4b00000)
  from space 14848K, 0% used [0x00000000e5980000,0x00000000e5980000,0x00000000e6800000)
  to   space 14848K, 0% used [0x00000000e4b00000,0x00000000e4b00000,0x00000000e5980000)
 ParOldGen       total 111104K, used 14773K [0x0000000080000000, 0x0000000086c80000, 0x00000000d5580000)
  object space 111104K, 13% used [0x0000000080000000,0x0000000080e6d510,0x0000000086c80000)
 Metaspace       used 38941K, capacity 40652K, committed 40792K, reserved 1085440K
  class space    used 5360K, capacity 5744K, committed 5760K, reserved 1048576K
GC Heap History (10 events):
Event: 13.480 GC heap before
{Heap before GC invocations=4 (full 0):
 PSYoungGen      total 75776K, used 19767K [0x00000000d5580000, 0x00000000de980000, 0x0000000100000000)
  eden space 65024K, 13% used [0x00000000d5580000,0x00000000d5e4e9f8,0x00000000d9500000)
  from space 10752K, 99% used [0x00000000d9500000,0x00000000d9f7f270,0x00000000d9f80000)
  to   space 10752K, 0% used [0x00000000ddf00000,0x00000000ddf00000,0x00000000de980000)
 ParOldGen       total 173568K, used 913K [0x0000000080000000, 0x000000008a980000, 0x00000000d5580000)
  object space 173568K, 0% used [0x0000000080000000,0x00000000800e45b0,0x000000008a980000)
 Metaspace       used 20507K, capacity 21204K, committed 21248K, reserved 1067008K
  class space    used 2839K, capacity 3048K, committed 3072K, reserved 1048576K
Event: 13.489 GC heap after
Heap after GC invocations=4 (full 0):
 PSYoungGen      total 140800K, used 7625K [0x00000000d5580000, 0x00000000de980000, 0x0000000100000000)
  eden space 130048K, 0% used [0x00000000d5580000,0x00000000d5580000,0x00000000dd480000)
  from space 10752K, 70% used [0x00000000ddf00000,0x00000000de672458,0x00000000de980000)
  to   space 10752K, 0% used [0x00000000dd480000,0x00000000dd480000,0x00000000ddf00000)
 ParOldGen       total 173568K, used 921K [0x0000000080000000, 0x000000008a980000, 0x00000000d5580000)
  object space 173568K, 0% used [0x0000000080000000,0x00000000800e65b0,0x000000008a980000)
 Metaspace       used 20507K, capacity 21204K, committed 21248K, reserved 1067008K
  class space    used 2839K, capacity 3048K, committed 3072K, reserved 1048576K
}
Event: 13.489 GC heap before
{Heap before GC invocations=5 (full 1):
 PSYoungGen      total 140800K, used 7625K [0x00000000d5580000, 0x00000000de980000, 0x0000000100000000)
  eden space 130048K, 0% used [0x00000000d5580000,0x00000000d5580000,0x00000000dd480000)
  from space 10752K, 70% used [0x00000000ddf00000,0x00000000de672458,0x00000000de980000)
  to   space 10752K, 0% used [0x00000000dd480000,0x00000000dd480000,0x00000000ddf00000)
 ParOldGen       total 173568K, used 921K [0x0000000080000000, 0x000000008a980000, 0x00000000d5580000)
  object space 173568K, 0% used [0x0000000080000000,0x00000000800e65b0,0x000000008a980000)
 Metaspace       used 20507K, capacity 21204K, committed 21248K, reserved 1067008K
  class space    used 2839K, capacity 3048K, committed 3072K, reserved 1048576K
Event: 13.520 GC heap after
Heap after GC invocations=5 (full 1):
 PSYoungGen      total 140800K, used 0K [0x00000000d5580000, 0x00000000de980000, 0x0000000100000000)
  eden space 130048K, 0% used [0x00000000d5580000,0x00000000d5580000,0x00000000dd480000)
  from space 10752K, 0% used [0x00000000ddf00000,0x00000000ddf00000,0x00000000de980000)
  to   space 10752K, 0% used [0x00000000dd480000,0x00000000dd480000,0x00000000ddf00000)
 ParOldGen       total 77824K, used 7525K [0x0000000080000000, 0x0000000084c00000, 0x00000000d5580000)
  object space 77824K, 9% used [0x0000000080000000,0x0000000080759538,0x0000000084c00000)
 Metaspace       used 20507K, capacity 21204K, committed 21248K, reserved 1067008K
  class space    used 2839K, capacity 3048K, committed 3072K, reserved 1048576K
}
Event: 14.953 GC heap before
{Heap before GC invocations=6 (full 1):
 PSYoungGen      total 140800K, used 130048K [0x00000000d5580000, 0x00000000de980000, 0x0000000100000000)
  eden space 130048K, 100% used [0x00000000d5580000,0x00000000dd480000,0x00000000dd480000)
  from space 10752K, 0% used [0x00000000ddf00000,0x00000000ddf00000,0x00000000de980000)
  to   space 10752K, 0% used [0x00000000dd480000,0x00000000dd480000,0x00000000ddf00000)
 ParOldGen       total 77824K, used 7525K [0x0000000080000000, 0x0000000084c00000, 0x00000000d5580000)
  object space 77824K, 9% used [0x0000000080000000,0x0000000080759538,0x0000000084c00000)
 Metaspace       used 32745K, capacity 33808K, committed 33920K, reserved 1079296K
  class space    used 4439K, capacity 4690K, committed 4736K, reserved 1048576K
Event: 14.970 GC heap after
Heap after GC invocations=6 (full 1):
 PSYoungGen      total 140800K, used 10744K [0x00000000d5580000, 0x00000000e6880000, 0x0000000100000000)
  eden space 130048K, 0% used [0x00000000d5580000,0x00000000d5580000,0x00000000dd480000)
  from space 10752K, 99% used [0x00000000dd480000,0x00000000ddefe0c8,0x00000000ddf00000)
  to   space 15360K, 0% used [0x00000000e5980000,0x00000000e5980000,0x00000000e6880000)
 ParOldGen       total 77824K, used 10707K [0x0000000080000000, 0x0000000084c00000, 0x00000000d5580000)
  object space 77824K, 13% used [0x0000000080000000,0x0000000080a74eb0,0x0000000084c00000)
 Metaspace       used 32745K, capacity 33808K, committed 33920K, reserved 1079296K
  class space    used 4439K, capacity 4690K, committed 4736K, reserved 1048576K
}
Event: 15.255 GC heap before
{Heap before GC invocations=7 (full 1):
 PSYoungGen      total 140800K, used 42112K [0x00000000d5580000, 0x00000000e6880000, 0x0000000100000000)
  eden space 130048K, 24% used [0x00000000d5580000,0x00000000d74222f0,0x00000000dd480000)
  from space 10752K, 99% used [0x00000000dd480000,0x00000000ddefe0c8,0x00000000ddf00000)
  to   space 15360K, 0% used [0x00000000e5980000,0x00000000e5980000,0x00000000e6880000)
 ParOldGen       total 77824K, used 10707K [0x0000000080000000, 0x0000000084c00000, 0x00000000d5580000)
  object space 77824K, 13% used [0x0000000080000000,0x0000000080a74eb0,0x0000000084c00000)
 Metaspace       used 34216K, capacity 35368K, committed 35416K, reserved 1079296K
  class space    used 4683K, capacity 4945K, committed 4992K, reserved 1048576K
Event: 15.266 GC heap after
Heap after GC invocations=7 (full 1):
 PSYoungGen      total 266240K, used 8038K [0x00000000d5580000, 0x00000000e6800000, 0x0000000100000000)
  eden space 251392K, 0% used [0x00000000d5580000,0x00000000d5580000,0x00000000e4b00000)
  from space 14848K, 54% used [0x00000000e5980000,0x00000000e6159b38,0x00000000e6800000)
  to   space 14848K, 0% used [0x00000000e4b00000,0x00000000e4b00000,0x00000000e5980000)
 ParOldGen       total 77824K, used 10715K [0x0000000080000000, 0x0000000084c00000, 0x00000000d5580000)
  object space 77824K, 13% used [0x0000000080000000,0x0000000080a76eb0,0x0000000084c00000)
 Metaspace       used 34216K, capacity 35368K, committed 35416K, reserved 1079296K
  class space    used 4683K, capacity 4945K, committed 4992K, reserved 1048576K
}
Event: 15.266 GC heap before
{Heap before GC invocations=8 (full 2):
 PSYoungGen      total 266240K, used 8038K [0x00000000d5580000, 0x00000000e6800000, 0x0000000100000000)
  eden space 251392K, 0% used [0x00000000d5580000,0x00000000d5580000,0x00000000e4b00000)
  from space 14848K, 54% used [0x00000000e5980000,0x00000000e6159b38,0x00000000e6800000)
  to   space 14848K, 0% used [0x00000000e4b00000,0x00000000e4b00000,0x00000000e5980000)
 ParOldGen       total 77824K, used 10715K [0x0000000080000000, 0x0000000084c00000, 0x00000000d5580000)
  object space 77824K, 13% used [0x0000000080000000,0x0000000080a76eb0,0x0000000084c00000)
 Metaspace       used 34216K, capacity 35368K, committed 35416K, reserved 1079296K
  class space    used 4683K, capacity 4945K, committed 4992K, reserved 1048576K
Event: 15.321 GC heap after
Heap after GC invocations=8 (full 2):
 PSYoungGen      total 266240K, used 0K [0x00000000d5580000, 0x00000000e6800000, 0x0000000100000000)
  eden space 251392K, 0% used [0x00000000d5580000,0x00000000d5580000,0x00000000e4b00000)
  from space 14848K, 0% used [0x00000000e5980000,0x00000000e5980000,0x00000000e6800000)
  to   space 14848K, 0% used [0x00000000e4b00000,0x00000000e4b00000,0x00000000e5980000)
 ParOldGen       total 111104K, used 14773K [0x0000000080000000, 0x0000000086c80000, 0x00000000d5580000)
  object space 111104K, 13% used [0x0000000080000000,0x0000000080e6d510,0x0000000086c80000)
 Metaspace       used 34216K, capacity 35368K, committed 35416K, reserved 1079296K
  class space    used 4683K, capacity 4945K, committed 4992K, reserved 1048576K
}

