# JRE version: OpenJDK Runtime Environment (8.0_242-b01) (build 1.8.0_242-release-1644-b01)
# Java VM: OpenJDK 64-Bit Server VM (25.242-b01 mixed mode windows-amd64 compressed oops)
Heap:
 PSYoungGen      total 133120K, used 82338K [0x00000000d5580000, 0x00000000e1000000, 0x0000000100000000)
  eden space 121344K, 58% used [0x00000000d5580000,0x00000000d9a695b8,0x00000000dcc00000)
  from space 11776K, 99% used [0x00000000dcc00000,0x00000000dd77f320,0x00000000dd780000)
  to   space 15872K, 0% used [0x00000000e0080000,0x00000000e0080000,0x00000000e1000000)
 ParOldGen       total 118272K, used 23153K [0x0000000080000000, 0x0000000087380000, 0x00000000d5580000)
  object space 118272K, 19% used [0x0000000080000000,0x000000008169c6d0,0x0000000087380000)
 Metaspace       used 55776K, capacity 58084K, committed 58328K, reserved 1099776K
  class space    used 7598K, capacity 8095K, committed 8192K, reserved 1048576K
GC Heap History (10 events):
Event: 15.690 GC heap before
{Heap before GC invocations=7 (full 1):
 PSYoungGen      total 75776K, used 73066K [0x00000000d5580000, 0x00000000de480000, 0x0000000100000000)
  eden space 65024K, 100% used [0x00000000d5580000,0x00000000d9500000,0x00000000d9500000)
  from space 10752K, 74% used [0x00000000d9500000,0x00000000d9cda830,0x00000000d9f80000)
  to   space 12288K, 0% used [0x00000000dd880000,0x00000000dd880000,0x00000000de480000)
 ParOldGen       total 80896K, used 7475K [0x0000000080000000, 0x0000000084f00000, 0x00000000d5580000)
  object space 80896K, 9% used [0x0000000080000000,0x000000008074ce30,0x0000000084f00000)
 Metaspace       used 32753K, capacity 33846K, committed 33920K, reserved 1079296K
  class space    used 4444K, capacity 4723K, committed 4736K, reserved 1048576K
Event: 15.702 GC heap after
Heap after GC invocations=7 (full 1):
 PSYoungGen      total 132096K, used 9294K [0x00000000d5580000, 0x00000000de300000, 0x0000000100000000)
  eden space 121344K, 0% used [0x00000000d5580000,0x00000000d5580000,0x00000000dcc00000)
  from space 10752K, 86% used [0x00000000dd880000,0x00000000de1938c0,0x00000000de300000)
  to   space 11776K, 0% used [0x00000000dcc00000,0x00000000dcc00000,0x00000000dd780000)
 ParOldGen       total 80896K, used 7483K [0x0000000080000000, 0x0000000084f00000, 0x00000000d5580000)
  object space 80896K, 9% used [0x0000000080000000,0x000000008074ee30,0x0000000084f00000)
 Metaspace       used 32753K, capacity 33846K, committed 33920K, reserved 1079296K
  class space    used 4444K, capacity 4723K, committed 4736K, reserved 1048576K
}
Event: 16.050 GC heap before
{Heap before GC invocations=8 (full 1):
 PSYoungGen      total 132096K, used 39451K [0x00000000d5580000, 0x00000000de300000, 0x0000000100000000)
  eden space 121344K, 24% used [0x00000000d5580000,0x00000000d72f34b0,0x00000000dcc00000)
  from space 10752K, 86% used [0x00000000dd880000,0x00000000de1938c0,0x00000000de300000)
  to   space 11776K, 0% used [0x00000000dcc00000,0x00000000dcc00000,0x00000000dd780000)
 ParOldGen       total 80896K, used 7483K [0x0000000080000000, 0x0000000084f00000, 0x00000000d5580000)
  object space 80896K, 9% used [0x0000000080000000,0x000000008074ee30,0x0000000084f00000)
 Metaspace       used 34218K, capacity 35368K, committed 35416K, reserved 1079296K
  class space    used 4685K, capacity 4945K, committed 4992K, reserved 1048576K
Event: 16.065 GC heap after
Heap after GC invocations=8 (full 1):
 PSYoungGen      total 133120K, used 8038K [0x00000000d5580000, 0x00000000de300000, 0x0000000100000000)
  eden space 121344K, 0% used [0x00000000d5580000,0x00000000d5580000,0x00000000dcc00000)
  from space 11776K, 68% used [0x00000000dcc00000,0x00000000dd3d9b38,0x00000000dd780000)
  to   space 10752K, 0% used [0x00000000dd880000,0x00000000dd880000,0x00000000de300000)
 ParOldGen       total 80896K, used 7491K [0x0000000080000000, 0x0000000084f00000, 0x00000000d5580000)
  object space 80896K, 9% used [0x0000000080000000,0x0000000080750e30,0x0000000084f00000)
 Metaspace       used 34218K, capacity 35368K, committed 35416K, reserved 1079296K
  class space    used 4685K, capacity 4945K, committed 4992K, reserved 1048576K
}
Event: 16.065 GC heap before
{Heap before GC invocations=9 (full 2):
 PSYoungGen      total 133120K, used 8038K [0x00000000d5580000, 0x00000000de300000, 0x0000000100000000)
  eden space 121344K, 0% used [0x00000000d5580000,0x00000000d5580000,0x00000000dcc00000)
  from space 11776K, 68% used [0x00000000dcc00000,0x00000000dd3d9b38,0x00000000dd780000)
  to   space 10752K, 0% used [0x00000000dd880000,0x00000000dd880000,0x00000000de300000)
 ParOldGen       total 80896K, used 7491K [0x0000000080000000, 0x0000000084f00000, 0x00000000d5580000)
  object space 80896K, 9% used [0x0000000080000000,0x0000000080750e30,0x0000000084f00000)
 Metaspace       used 34218K, capacity 35368K, committed 35416K, reserved 1079296K
  class space    used 4685K, capacity 4945K, committed 4992K, reserved 1048576K
Event: 16.120 GC heap after
Heap after GC invocations=9 (full 2):
 PSYoungGen      total 133120K, used 0K [0x00000000d5580000, 0x00000000de300000, 0x0000000100000000)
  eden space 121344K, 0% used [0x00000000d5580000,0x00000000d5580000,0x00000000dcc00000)
  from space 11776K, 0% used [0x00000000dcc00000,0x00000000dcc00000,0x00000000dd780000)
  to   space 10752K, 0% used [0x00000000dd880000,0x00000000dd880000,0x00000000de300000)
 ParOldGen       total 118272K, used 14750K [0x0000000080000000, 0x0000000087380000, 0x00000000d5580000)
  object space 118272K, 12% used [0x0000000080000000,0x0000000080e67a50,0x0000000087380000)
 Metaspace       used 34218K, capacity 35368K, committed 35416K, reserved 1079296K
  class space    used 4685K, capacity 4945K, committed 4992K, reserved 1048576K
}
Event: 16.839 GC heap before
{Heap before GC invocations=10 (full 2):
 PSYoungGen      total 133120K, used 121344K [0x00000000d5580000, 0x00000000de300000, 0x0000000100000000)
  eden space 121344K, 100% used [0x00000000d5580000,0x00000000dcc00000,0x00000000dcc00000)
  from space 11776K, 0% used [0x00000000dcc00000,0x00000000dcc00000,0x00000000dd780000)
  to   space 10752K, 0% used [0x00000000dd880000,0x00000000dd880000,0x00000000de300000)
 ParOldGen       total 118272K, used 14750K [0x0000000080000000, 0x0000000087380000, 0x00000000d5580000)
  object space 118272K, 12% used [0x0000000080000000,0x0000000080e67a50,0x0000000087380000)
 Metaspace       used 37400K, capacity 39058K, committed 39384K, reserved 1083392K
  class space    used 5145K, capacity 5517K, committed 5632K, reserved 1048576K
Event: 16.852 GC heap after
Heap after GC invocations=10 (full 2):
 PSYoungGen      total 132096K, used 7555K [0x00000000d5580000, 0x00000000de300000, 0x0000000100000000)
  eden space 121344K, 0% used [0x00000000d5580000,0x00000000d5580000,0x00000000dcc00000)
  from space 10752K, 70% used [0x00000000dd880000,0x00000000ddfe0f58,0x00000000de300000)
  to   space 11776K, 0% used [0x00000000dcc00000,0x00000000dcc00000,0x00000000dd780000)
 ParOldGen       total 118272K, used 14758K [0x0000000080000000, 0x0000000087380000, 0x00000000d5580000)
  object space 118272K, 12% used [0x0000000080000000,0x0000000080e69a50,0x0000000087380000)
 Metaspace       used 37400K, capacity 39058K, committed 39384K, reserved 1083392K
  class space    used 5145K, capacity 5517K, committed 5632K, reserved 1048576K
}
Event: 19.037 GC heap before
{Heap before GC invocations=11 (full 2):
 PSYoungGen      total 132096K, used 128899K [0x00000000d5580000, 0x00000000de300000, 0x0000000100000000)
  eden space 121344K, 100% used [0x00000000d5580000,0x00000000dcc00000,0x00000000dcc00000)
  from space 10752K, 70% used [0x00000000dd880000,0x00000000ddfe0f58,0x00000000de300000)
  to   space 11776K, 0% used [0x00000000dcc00000,0x00000000dcc00000,0x00000000dd780000)
 ParOldGen       total 118272K, used 14758K [0x0000000080000000, 0x0000000087380000, 0x00000000d5580000)
  object space 118272K, 12% used [0x0000000080000000,0x0000000080e69a50,0x0000000087380000)
 Metaspace       used 50602K, capacity 52524K, committed 52824K, reserved 1095680K
  class space    used 6751K, capacity 7180K, committed 7296K, reserved 1048576K
Event: 19.052 GC heap after
Heap after GC invocations=11 (full 2):
 PSYoungGen      total 133120K, used 11772K [0x00000000d5580000, 0x00000000e1000000, 0x0000000100000000)
  eden space 121344K, 0% used [0x00000000d5580000,0x00000000d5580000,0x00000000dcc00000)
  from space 11776K, 99% used [0x00000000dcc00000,0x00000000dd77f320,0x00000000dd780000)
  to   space 15872K, 0% used [0x00000000e0080000,0x00000000e0080000,0x00000000e1000000)
 ParOldGen       total 118272K, used 23153K [0x0000000080000000, 0x0000000087380000, 0x00000000d5580000)
  object space 118272K, 19% used [0x0000000080000000,0x000000008169c6d0,0x0000000087380000)
 Metaspace       used 50602K, capacity 52524K, committed 52824K, reserved 1095680K
  class space    used 6751K, capacity 7180K, committed 7296K, reserved 1048576K
}

